Thu Mar 26 15:18:32 PST 2020
From ssh://git.coreproc.com:38085/mediaxes/mypocketdoctor-web
 * branch              master     -> FETCH_HEAD
   5f0f376b..adc64019  master     -> origin/master
Updating 5f0f376b..adc64019
Fast-forward
 .../Nurses/InsularMembersController.php            | 57 ++++++++++------------
 resources/views/pages/welcome.blade.php            | 21 ++------
 resources/views/partials/header.blade.php          |  6 +--
 3 files changed, 35 insertions(+), 49 deletions(-)
Loading composer repositories with package information
Installing dependencies (including require-dev) from lock file
Your requirements could not be resolved to an installable set of packages.

  Problem 1
    - mashape/unirest-php v3.0.4 requires ext-curl * -> the requested PHP extension curl is missing from your system.
    - mashape/unirest-php v3.0.4 requires ext-curl * -> the requested PHP extension curl is missing from your system.
    - Installation request for mashape/unirest-php v3.0.4 -> satisfiable by mashape/unirest-php[v3.0.4].

  To enable extensions, verify that they are enabled in your .ini files:
    - /etc/php/7.2/cli/php.ini
    - /etc/php/7.2/cli/conf.d/10-opcache.ini
    - /etc/php/7.2/cli/conf.d/10-pdo.ini
    - /etc/php/7.2/cli/conf.d/15-xml.ini
    - /etc/php/7.2/cli/conf.d/20-calendar.ini
    - /etc/php/7.2/cli/conf.d/20-ctype.ini
    - /etc/php/7.2/cli/conf.d/20-dom.ini
    - /etc/php/7.2/cli/conf.d/20-exif.ini
    - /etc/php/7.2/cli/conf.d/20-fileinfo.ini
    - /etc/php/7.2/cli/conf.d/20-ftp.ini
    - /etc/php/7.2/cli/conf.d/20-gettext.ini
    - /etc/php/7.2/cli/conf.d/20-iconv.ini
    - /etc/php/7.2/cli/conf.d/20-igbinary.ini
    - /etc/php/7.2/cli/conf.d/20-imagick.ini
    - /etc/php/7.2/cli/conf.d/20-json.ini
    - /etc/php/7.2/cli/conf.d/20-mbstring.ini
    - /etc/php/7.2/cli/conf.d/20-msgpack.ini
    - /etc/php/7.2/cli/conf.d/20-phar.ini
    - /etc/php/7.2/cli/conf.d/20-posix.ini
    - /etc/php/7.2/cli/conf.d/20-readline.ini
    - /etc/php/7.2/cli/conf.d/20-shmop.ini
    - /etc/php/7.2/cli/conf.d/20-simplexml.ini
    - /etc/php/7.2/cli/conf.d/20-sockets.ini
    - /etc/php/7.2/cli/conf.d/20-sysvmsg.ini
    - /etc/php/7.2/cli/conf.d/20-sysvsem.ini
    - /etc/php/7.2/cli/conf.d/20-sysvshm.ini
    - /etc/php/7.2/cli/conf.d/20-tokenizer.ini
    - /etc/php/7.2/cli/conf.d/20-wddx.ini
    - /etc/php/7.2/cli/conf.d/20-xmlreader.ini
    - /etc/php/7.2/cli/conf.d/20-xmlwriter.ini
    - /etc/php/7.2/cli/conf.d/20-xsl.ini
    - /etc/php/7.2/cli/conf.d/25-memcached.ini
  You can also run `php --ini` inside terminal to see which files are used by PHP in CLI mode.
