Wed Aug 14 16:26:16 PST 2019
From ssh://git.coreproc.com:38085/mediaxes/mypocketdoctor-web
 * branch              master     -> FETCH_HEAD
   d212ca8e..9a3b7559  master     -> origin/master
Updating d212ca8e..9a3b7559
Fast-forward
 app/Clients/GlobeLabsClient.php                    | 57 ++++++++++++++++++++++
 .../Api/V2/IncomingSmsMessagesController.php       | 35 -------------
 .../Api/V3/GlobelabsNotifierController.php         | 38 +++++++++++++++
 .../Controllers/Nurses/SmsMessagesController.php   | 17 ++++++-
 .../Requests/IncomingSmsMessagePostRequest.php     |  2 +-
 app/Http/Routes/api.php                            |  2 +-
 config/globelabs.php                               | 13 +++++
 7 files changed, 126 insertions(+), 38 deletions(-)
 create mode 100644 app/Clients/GlobeLabsClient.php
 create mode 100644 app/Http/Controllers/Api/V3/GlobelabsNotifierController.php
 create mode 100644 config/globelabs.php
Loading composer repositories with package information
Installing dependencies (including require-dev) from lock file
Warning: The lock file is not up to date with the latest changes in composer.json. You may be getting outdated dependencies. Run update to update them.
Nothing to install or update
Package phpoffice/phpexcel is abandoned, you should avoid using it. Use phpoffice/phpspreadsheet instead.
Generating optimized autoload files
Carbon 1 is deprecated, see how to migrate to Carbon 2.
https://carbon.nesbot.com/docs/#api-carbon-2
    You can run './vendor/bin/upgrade-carbon' to get help in updating carbon and other frameworks and libraries that depend on it.
> php artisan clear-compiled
> php artisan optimize
Generating optimized class loader
Compiling common classes
Nothing to migrate.
Compiled views cleared!
Broadcasting queue restart signal.
Configuration cache cleared!
Configuration cached successfully!
  % Total    % Received % Xferd  Average Speed   Time    Time     Time  Current
                                 Dload  Upload   Total   Spent    Left  Speed
  0     0    0     0    0     0      0      0 --:--:-- --:--:-- --:--:--     0100    25    0     0  100    25      0    116 --:--:-- --:--:-- --:--:--   116100   118    0    93  100    25    287     77 --:--:-- --:--:-- --:--:--   363
{"result":{"id":"94a0aeeca7d0ad4ab8f4a651fc8622a6"},"success":true,"errors":[],"messages":[]}