Wed Aug 14 10:49:47 PST 2019
From ssh://git.coreproc.com:38085/mediaxes/mypocketdoctor-web
 * branch              master     -> FETCH_HEAD
   32e6c2b4..5743c7a9  master     -> origin/master
Updating 32e6c2b4..5743c7a9
Fast-forward
 app/Support/helpers.php                      |   8 ++++++
 public/assets/img/revamp/bohol.jpg           | Bin 0 -> 38632 bytes
 public/assets/img/revamp/dive_thru.jpg       | Bin 0 -> 22095 bytes
 public/assets/img/revamp/mpd_phone.png       | Bin 0 -> 86369 bytes
 public/assets/img/revamp/panglao.jpg         | Bin 0 -> 24919 bytes
 public/assets/img/revamp/sms_mpd_2.png       | Bin 0 -> 41886 bytes
 public/assets/img/sms_mpd_2.png              | Bin 0 -> 41886 bytes
 resources/views/pages/about.blade.php        |   2 +-
 resources/views/pages/doctors-list.blade.php |   7 -----
 resources/views/pages/welcome.blade.php      |  41 +++++----------------------
 resources/views/partials/footer.blade.php    |   4 +--
 resources/views/partials/header.blade.php    |   6 ++--
 12 files changed, 21 insertions(+), 47 deletions(-)
 create mode 100644 public/assets/img/revamp/bohol.jpg
 create mode 100644 public/assets/img/revamp/dive_thru.jpg
 create mode 100644 public/assets/img/revamp/mpd_phone.png
 create mode 100644 public/assets/img/revamp/panglao.jpg
 create mode 100644 public/assets/img/revamp/sms_mpd_2.png
 create mode 100644 public/assets/img/sms_mpd_2.png
Loading composer repositories with package information
Installing dependencies (including require-dev) from lock file
Nothing to install or update
Package phpoffice/phpexcel is abandoned, you should avoid using it. Use phpoffice/phpspreadsheet instead.
Generating optimized autoload files
Carbon 1 is deprecated, see how to migrate to Carbon 2.
https://carbon.nesbot.com/docs/#api-carbon-2
    You can run './vendor/bin/upgrade-carbon' to get help in updating carbon and other frameworks and libraries that depend on it.
> php artisan clear-compiled
> php artisan optimize
Generating optimized class loader
Compiling common classes
Nothing to migrate.
Compiled views cleared!
Broadcasting queue restart signal.
Configuration cache cleared!
Configuration cached successfully!
  % Total    % Received % Xferd  Average Speed   Time    Time     Time  Current
                                 Dload  Upload   Total   Spent    Left  Speed
  0     0    0     0    0     0      0      0 --:--:-- --:--:-- --:--:--     0100   118    0    93  100    25    264     71 --:--:-- --:--:-- --:--:--   336
{"result":{"id":"94a0aeeca7d0ad4ab8f4a651fc8622a6"},"success":true,"errors":[],"messages":[]}