Mon Apr 20 16:26:25 PST 2020
From ssh://git.coreproc.com:38085/mediaxes/mypocketdoctor-web
 * branch              master     -> FETCH_HEAD
   86ae65ff..bbada2e9  master     -> origin/master
Updating 86ae65ff..bbada2e9
Fast-forward
 .../Controllers/Api/V1/ConsultationsController.php |   91 ++
 .../Doctors/ConsultationsController.php            |    5 +
 app/Http/Requests/ConsultationCommentRequest.php   |    2 +-
 app/Http/Routes/api.php                            |    6 +
 app/Models/Consultation.php                        |    5 +
 app/Models/ConsultationType.php                    |   24 +
 ...4_20_133800_create_consultation_types_table.php |   37 +
 public/assets/img/rx.png                           |  Bin 0 -> 23076 bytes
 public/assets/js/comments.js                       |   90 +-
 resources/views/emails/lab-request.blade.php       | 1507 +++++++++++++++++++
 resources/views/emails/prescription.blade.php      | 1507 +++++++++++++++++++
 resources/views/emails/referral.blade.php          | 1513 ++++++++++++++++++++
 .../metronic/consultations/comments.blade.php      |  153 ++
 13 files changed, 4938 insertions(+), 2 deletions(-)
 create mode 100644 app/Models/ConsultationType.php
 create mode 100644 database/migrations/2020_04_20_133800_create_consultation_types_table.php
 create mode 100644 public/assets/img/rx.png
 create mode 100644 resources/views/emails/lab-request.blade.php
 create mode 100644 resources/views/emails/prescription.blade.php
 create mode 100644 resources/views/emails/referral.blade.php
Loading composer repositories with package information
Installing dependencies (including require-dev) from lock file
Nothing to install or update
Package mtdowling/cron-expression is abandoned, you should avoid using it. Use dragonmantank/cron-expression instead.
Package phpoffice/phpexcel is abandoned, you should avoid using it. Use phpoffice/phpspreadsheet instead.
Package phpunit/phpunit-mock-objects is abandoned, you should avoid using it. No replacement was suggested.
Generating optimized autoload files
Deprecation Notice: Class yajra\Datatables\Facades\Datatables located in ./vendor/yajra/laravel-datatables-oracle/src/yajra/Datatables/Facade/Datatables.php does not comply with psr-0 autoloading standard. It will not autoload anymore in Composer v2.0. in phar:///usr/local/bin/composer/src/Composer/Autoload/ClassMapGenerator.php:201
Deprecation Notice: Class PHPExcel_Logarithmic_Best_Fit located in ./vendor/phpoffice/phpexcel/Classes/PHPExcel/Shared/trend/logarithmicBestFitClass.php does not comply with psr-0 autoloading standard. It will not autoload anymore in Composer v2.0. in phar:///usr/local/bin/composer/src/Composer/Autoload/ClassMapGenerator.php:201
Deprecation Notice: Class PHPExcel_Power_Best_Fit located in ./vendor/phpoffice/phpexcel/Classes/PHPExcel/Shared/trend/powerBestFitClass.php does not comply with psr-0 autoloading standard. It will not autoload anymore in Composer v2.0. in phar:///usr/local/bin/composer/src/Composer/Autoload/ClassMapGenerator.php:201
Deprecation Notice: Class PHPExcel_Polynomial_Best_Fit located in ./vendor/phpoffice/phpexcel/Classes/PHPExcel/Shared/trend/polynomialBestFitClass.php does not comply with psr-0 autoloading standard. It will not autoload anymore in Composer v2.0. in phar:///usr/local/bin/composer/src/Composer/Autoload/ClassMapGenerator.php:201
Deprecation Notice: Class PHPExcel_Best_Fit located in ./vendor/phpoffice/phpexcel/Classes/PHPExcel/Shared/trend/bestFitClass.php does not comply with psr-0 autoloading standard. It will not autoload anymore in Composer v2.0. in phar:///usr/local/bin/composer/src/Composer/Autoload/ClassMapGenerator.php:201
Deprecation Notice: Class PHPExcel_Linear_Best_Fit located in ./vendor/phpoffice/phpexcel/Classes/PHPExcel/Shared/trend/linearBestFitClass.php does not comply with psr-0 autoloading standard. It will not autoload anymore in Composer v2.0. in phar:///usr/local/bin/composer/src/Composer/Autoload/ClassMapGenerator.php:201
Deprecation Notice: Class PHPExcel_Exponential_Best_Fit located in ./vendor/phpoffice/phpexcel/Classes/PHPExcel/Shared/trend/exponentialBestFitClass.php does not comply with psr-0 autoloading standard. It will not autoload anymore in Composer v2.0. in phar:///usr/local/bin/composer/src/Composer/Autoload/ClassMapGenerator.php:201
Deprecation Notice: Class Mediaxes\MyPocketDoctor\Http\Controllers\Api\v3\MedicalIssuesController located in ./app/Http/Controllers/Api/V3/MedicalIssuesController.php does not comply with psr-4 autoloading standard. It will not autoload anymore in Composer v2.0. in phar:///usr/local/bin/composer/src/Composer/Autoload/ClassMapGenerator.php:201
Deprecation Notice: Class Mediaxes\MyPocketDoctor\EventCouponLog located in ./app/Models/EventCouponLog.php does not comply with psr-4 autoloading standard. It will not autoload anymore in Composer v2.0. in phar:///usr/local/bin/composer/src/Composer/Autoload/ClassMapGenerator.php:201
Deprecation Notice: Class Mediaxes\MyPocketDoctor\EventCoupon located in ./app/Models/EventCoupon.php does not comply with psr-4 autoloading standard. It will not autoload anymore in Composer v2.0. in phar:///usr/local/bin/composer/src/Composer/Autoload/ClassMapGenerator.php:201
Deprecation Notice: Class Clickatell\ClickatellOtpTest located in ./vendor/arcturial/clickatell/test/Otp/ClickatellOtpTest.php does not comply with psr-4 autoloading standard. It will not autoload anymore in Composer v2.0. in phar:///usr/local/bin/composer/src/Composer/Autoload/ClassMapGenerator.php:201
Carbon 1 is deprecated, see how to migrate to Carbon 2.
https://carbon.nesbot.com/docs/#api-carbon-2
    You can run './vendor/bin/upgrade-carbon' to get help in updating carbon and other frameworks and libraries that depend on it.
1 package you are using is looking for funding.
Use the `composer fund` command to find out more!
ocramius/package-versions:  Generating version class...
ocramius/package-versions: ...done generating version class
> php artisan clear-compiled
> php artisan optimize
Generating optimized class loader
Compiling common classes
Migrated: 2020_04_20_133800_create_consultation_types_table
Compiled views cleared!
Broadcasting queue restart signal.
  % Total    % Received % Xferd  Average Speed   Time    Time     Time  Current
                                 Dload  Upload   Total   Spent    Left  Speed
  0     0    0     0    0     0      0      0 --:--:-- --:--:-- --:--:--     0100   196    0   171  100    25    638     93 --:--:-- --:--:-- --:--:--   731
{"success":false,"errors":[{"code":1095,"message":"Sorry, you do not have access to purge cache for that zone id or that zone id is invalid"}],"messages":[],"result":null}