Wed Apr 10 18:43:16 PST 2019
From ssh://git.coreproc.com:38085/mediaxes/mypocketdoctor-web
 * branch              master     -> FETCH_HEAD
   72bb7f12..b5293102  master     -> origin/master
Updating 72bb7f12..b5293102
Fast-forward
 app/Console/Commands/SendAXAReport.php             |  7 +-
 .../Commands/UpdateAXAUserInsuranceNumber.php      | 84 ++++++++++++++++++++++
 app/Console/Kernel.php                             |  2 +
 3 files changed, 87 insertions(+), 6 deletions(-)
 create mode 100644 app/Console/Commands/UpdateAXAUserInsuranceNumber.php
Loading composer repositories with package information
Installing dependencies (including require-dev) from lock file
Nothing to install or update
Package phpoffice/phpexcel is abandoned, you should avoid using it. Use phpoffice/phpspreadsheet instead.
Generating optimized autoload files
> php artisan clear-compiled
> php artisan optimize
Generating optimized class loader
Compiling common classes
Nothing to migrate.
Compiled views cleared!
Broadcasting queue restart signal.
  % Total    % Received % Xferd  Average Speed   Time    Time     Time  Current
                                 Dload  Upload   Total   Spent    Left  Speed
  0     0    0     0    0     0      0      0 --:--:-- --:--:-- --:--:--     0100   118    0    93  100    25    262     70 --:--:-- --:--:-- --:--:--   333
{"result":{"id":"94a0aeeca7d0ad4ab8f4a651fc8622a6"},"success":true,"errors":[],"messages":[]}