Fri Mar 13 12:04:09 PST 2020
From ssh://git.coreproc.com:38085/mediaxes/mypocketdoctor-web
 * branch              master     -> FETCH_HEAD
Already up to date.
Loading composer repositories with package information
Installing dependencies (including require-dev) from lock file
Your requirements could not be resolved to an installable set of packages.

  Problem 1
    - aws/aws-sdk-php 3.133.32 requires ext-simplexml * -> the requested PHP extension simplexml is missing from your system.
    - aws/aws-sdk-php 3.133.32 requires ext-simplexml * -> the requested PHP extension simplexml is missing from your system.
    - Installation request for aws/aws-sdk-php 3.133.32 -> satisfiable by aws/aws-sdk-php[3.133.32].

  To enable extensions, verify that they are enabled in your .ini files:
    - /etc/php/7.2/cli/php.ini
    - /etc/php/7.2/cli/conf.d/10-opcache.ini
    - /etc/php/7.2/cli/conf.d/10-pdo.ini
    - /etc/php/7.2/cli/conf.d/20-calendar.ini
    - /etc/php/7.2/cli/conf.d/20-ctype.ini
    - /etc/php/7.2/cli/conf.d/20-exif.ini
    - /etc/php/7.2/cli/conf.d/20-fileinfo.ini
    - /etc/php/7.2/cli/conf.d/20-ftp.ini
    - /etc/php/7.2/cli/conf.d/20-gettext.ini
    - /etc/php/7.2/cli/conf.d/20-iconv.ini
    - /etc/php/7.2/cli/conf.d/20-igbinary.ini
    - /etc/php/7.2/cli/conf.d/20-imagick.ini
    - /etc/php/7.2/cli/conf.d/20-json.ini
    - /etc/php/7.2/cli/conf.d/20-msgpack.ini
    - /etc/php/7.2/cli/conf.d/20-phar.ini
    - /etc/php/7.2/cli/conf.d/20-posix.ini
    - /etc/php/7.2/cli/conf.d/20-readline.ini
    - /etc/php/7.2/cli/conf.d/20-redis.ini
    - /etc/php/7.2/cli/conf.d/20-shmop.ini
    - /etc/php/7.2/cli/conf.d/20-sockets.ini
    - /etc/php/7.2/cli/conf.d/20-sysvmsg.ini
    - /etc/php/7.2/cli/conf.d/20-sysvsem.ini
    - /etc/php/7.2/cli/conf.d/20-sysvshm.ini
    - /etc/php/7.2/cli/conf.d/20-tokenizer.ini
    - /etc/php/7.2/cli/conf.d/25-memcached.ini
  You can also run `php --ini` inside terminal to see which files are used by PHP in CLI mode.
