Mon Dec 23 12:38:49 PST 2019
From ssh://git.coreproc.com:38085/mediaxes/mypocketdoctor-web
 * branch              master     -> FETCH_HEAD
   8c22d1aa..c37d27b6  master     -> origin/master
Updating 8c22d1aa..c37d27b6
Fast-forward
 app/Http/Controllers/Api/V3/SessionsController.php | 12 ++--
 app/Http/Controllers/Auth/AuthController.php       | 36 +++++-----
 .../Customers/ConsultationsController.php          | 32 ++++-----
 .../Doctors/ConsultationsController.php            | 80 +++++++++++-----------
 app/Http/Routes/nurses.php                         |  2 +-
 .../js/doctors/doctors.dashboard.consultations.js  | 51 +++++++-------
 resources/views/metronic/app.blade.php             | 10 +--
 .../views/metronic/consultations/details.blade.php | 22 +++---
 .../metronic/doctor/consultations/show.blade.php   | 46 ++++++-------
 .../views/metronic/doctor/home/index.blade.php     | 14 ++--
 resources/views/pages/consultation.blade.php       | 32 ++++-----
 11 files changed, 166 insertions(+), 171 deletions(-)
Loading composer repositories with package information
Installing dependencies (including require-dev) from lock file
Warning: The lock file is not up to date with the latest changes in composer.json. You may be getting outdated dependencies. Run update to update them.
Nothing to install or update
Package phpoffice/phpexcel is abandoned, you should avoid using it. Use phpoffice/phpspreadsheet instead.
Generating optimized autoload files
Carbon 1 is deprecated, see how to migrate to Carbon 2.
https://carbon.nesbot.com/docs/#api-carbon-2
    You can run './vendor/bin/upgrade-carbon' to get help in updating carbon and other frameworks and libraries that depend on it.
> php artisan clear-compiled
> php artisan optimize
Generating optimized class loader
Compiling common classes
Nothing to migrate.
Compiled views cleared!
Broadcasting queue restart signal.
Configuration cache cleared!
Configuration cached successfully!
  % Total    % Received % Xferd  Average Speed   Time    Time     Time  Current
                                 Dload  Upload   Total   Spent    Left  Speed
  0     0    0     0    0     0      0      0 --:--:-- --:--:-- --:--:--     0100    25    0     0  100    25      0    117 --:--:-- --:--:-- --:--:--   119100   118    0    93  100    25    266     71 --:--:-- --:--:-- --:--:--   342
{"result":{"id":"94a0aeeca7d0ad4ab8f4a651fc8622a6"},"success":true,"errors":[],"messages":[]}