getaddrinfo git.coreproc.com:38085: Name or service not known
getaddrinfo git.coreproc.com:38085: Name or service not known
getaddrinfo git.coreproc.com:38085: Name or service not known
Cloning into 'www.mypocketdoctor.com'...
Loading composer repositories with package information
Installing dependencies (including require-dev) from lock file
Package operations: 107 installs, 0 updates, 0 removals
  - Installing arcturial/clickatell (dev-master 96cf5d1): Loading from cache
  - Installing vlucas/phpdotenv (v1.1.1): Loading from cache
  - Installing symfony/var-dumper (v2.7.49): Loading from cache
  - Installing symfony/translation (v2.7.49): Loading from cache
  - Installing symfony/routing (v2.7.49): Loading from cache
  - Installing symfony/process (v2.7.49): Loading from cache
  - Installing symfony/polyfill-ctype (v1.9.0): Loading from cache
  - Installing symfony/polyfill-mbstring (v1.9.0): Loading from cache
  - Installing symfony/http-foundation (v2.7.49): Loading from cache
  - Installing symfony/event-dispatcher (v2.8.44): Loading from cache
  - Installing psr/log (1.0.2): Loading from cache
  - Installing symfony/debug (v2.7.49): Loading from cache
  - Installing symfony/http-kernel (v2.7.49): Loading from cache
  - Installing symfony/finder (v2.7.49): Loading from cache
  - Installing symfony/dom-crawler (v2.7.49): Loading from cache
  - Installing symfony/css-selector (v2.8.44): Loading from cache
  - Installing symfony/console (v2.7.49): Loading from cache
  - Installing swiftmailer/swiftmailer (v5.4.12): Loading from cache
  - Installing nikic/php-parser (v2.1.1): Loading from cache
  - Installing jakub-onderka/php-console-color (0.1): Loading from cache
  - Installing jakub-onderka/php-console-highlighter (v0.3.2): Loading from cache
  - Installing dnoegel/php-xdg-base-dir (0.1): Loading from cache
  - Installing psy/psysh (v0.7.2): Loading from cache
  - Installing paragonie/random_compat (v1.4.3): Loading from cache
  - Installing nesbot/carbon (1.33.0): Loading from cache
  - Installing mtdowling/cron-expression (v1.2.1): Loading from cache
  - Installing monolog/monolog (1.23.0): Loading from cache
  - Installing league/flysystem (1.0.45): Loading from cache
  - Installing symfony/polyfill-util (v1.9.0): Loading from cache
  - Installing symfony/polyfill-php56 (v1.9.0): Loading from cache
  - Installing jeremeamia/superclosure (2.4.0): Loading from cache
  - Installing doctrine/inflector (v1.3.0): Loading from cache
  - Installing danielstjules/stringy (1.10.0): Loading from cache
  - Installing classpreloader/classpreloader (3.2.0): Loading from cache
  - Installing laravel/framework (v5.1.46): Loading from cache
  - Installing mtdowling/jmespath.php (2.4.0): Loading from cache
  - Installing psr/http-message (1.0.1): Loading from cache
  - Installing guzzlehttp/psr7 (1.4.2): Loading from cache
  - Installing guzzlehttp/promises (v1.3.1): Loading from cache
  - Installing guzzlehttp/guzzle (6.3.3): Loading from cache
  - Installing aws/aws-sdk-php (3.64.14): Loading from cache
  - Installing aws/aws-sdk-php-laravel (3.1.0): Loading from cache
  - Installing backup-manager/backup-manager (1.2): Loading from cache
  - Installing backup-manager/laravel (1.3.1): Loading from cache
  - Installing asm89/stack-cors (0.2.1): Loading from cache
  - Installing barryvdh/laravel-cors (v0.7.3): Loading from cache
  - Installing symfony/class-loader (v3.4.14): Loading from cache
  - Installing barryvdh/reflection-docblock (v2.0.4): Loading from cache
  - Installing barryvdh/laravel-ide-helper (v2.4.3): Loading from cache
  - Installing cartalyst/support (v2.0.1): Loading from cache
  - Installing cartalyst/sentinel (v2.0.17): Loading from cache
  - Installing league/fractal (0.12.0): Loading from cache
  - Installing ellipsesynergie/api-response (0.9.0): Loading from cache
  - Installing chrisbjr/api-guard (v2.3.0): Loading from cache
  - Installing coreproc/msisdn-ph (1.0.1): Loading from cache
  - Installing doctrine/event-manager (v1.0.0): Loading from cache
  - Installing doctrine/cache (v1.7.1): Loading from cache
  - Installing doctrine/dbal (v2.8.0): Loading from cache
  - Installing jelovac/bitly4laravel (v3.7.2): Loading from cache
  - Installing mobiledetect/mobiledetectlib (2.8.32): Loading from cache
  - Installing jenssegers/agent (v2.3.3): Loading from cache
  - Installing mashape/unirest-php (v3.0.4): Loading from cache
  - Installing kingflamez/laravelrave (1.1.0): Loading from cache
  - Installing league/csv (7.2.0): Loading from cache
  - Installing league/flysystem-aws-s3-v3 (1.0.19): Loading from cache
  - Installing tijsverkoyen/css-to-inline-styles (1.5.5): Loading from cache
  - Installing phpoffice/phpexcel (1.8.1): Loading from cache
  - Installing maatwebsite/excel (2.0.11): Loading from cache
  - Installing paypal/rest-api-sdk-php (v1.6.4): Loading from cache
  - Installing pda/pheanstalk (v3.1.0): Loading from cache
  - Installing predis/predis (v1.1.1): Loading from cache
  - Installing pusher/pusher-php-server (2.6.4): Loading from cache
  - Installing sentry/sentry (1.9.2): Loading from cache
  - Installing sentry/sentry-laravel (0.10.0): Loading from cache
  - Installing thomaswelton/gravatarlib (0.1.0): Loading from cache
  - Installing thomaswelton/laravel-gravatar (1.1.3): Loading from cache
  - Installing hashids/hashids (1.0.6): Loading from cache
  - Installing graham-campbell/manager (v2.5.0): Loading from cache
  - Installing vinkla/hashids (2.1.0): Loading from cache
  - Installing laravelcollective/html (v5.1.11): Loading from cache
  - Installing yajra/laravel-datatables-oracle (v5.12.5): Loading from cache
  - Installing fzaninotto/faker (v1.8.0): Loading from cache
  - Installing hamcrest/hamcrest-php (v1.2.2): Loading from cache
  - Installing mockery/mockery (0.9.9): Loading from cache
  - Installing webmozart/assert (1.3.0): Loading from cache
  - Installing phpdocumentor/reflection-common (1.0.1): Loading from cache
  - Installing phpdocumentor/type-resolver (0.4.0): Loading from cache
  - Installing phpdocumentor/reflection-docblock (4.3.0): Loading from cache
  - Installing symfony/yaml (v3.3.18): Loading from cache
  - Installing sebastian/recursion-context (1.0.5): Loading from cache
  - Installing sebastian/exporter (1.2.2): Loading from cache
  - Installing sebastian/diff (1.4.3): Loading from cache
  - Installing sebastian/comparator (1.2.4): Loading from cache
  - Installing doctrine/instantiator (1.1.0): Loading from cache
  - Installing phpspec/prophecy (1.8.0): Loading from cache
  - Installing phpspec/php-diff (v1.0.2): Loading from cache
  - Installing phpspec/phpspec (2.5.8): Loading from cache
  - Installing phpunit/php-token-stream (1.4.12): Loading from cache
  - Installing sebastian/version (1.0.6): Loading from cache
  - Installing sebastian/global-state (1.1.1): Loading from cache
  - Installing sebastian/environment (1.3.8): Loading from cache
  - Installing phpunit/php-text-template (1.2.1): Loading from cache
  - Installing phpunit/phpunit-mock-objects (2.3.8): Loading from cache
  - Installing phpunit/php-timer (1.0.9): Loading from cache
  - Installing phpunit/php-file-iterator (1.4.5): Loading from cache
  - Installing phpunit/php-code-coverage (2.2.4): Loading from cache
  - Installing phpunit/phpunit (4.8.36): Loading from cache
symfony/var-dumper suggests installing ext-symfony_debug
symfony/translation suggests installing symfony/config
symfony/routing suggests installing doctrine/annotations (For using the annotation loader)
symfony/routing suggests installing symfony/config (For using the all-in-one router or any loader)
symfony/routing suggests installing symfony/expression-language (For using expression matching)
symfony/event-dispatcher suggests installing symfony/dependency-injection
symfony/http-kernel suggests installing symfony/browser-kit
symfony/http-kernel suggests installing symfony/config
symfony/http-kernel suggests installing symfony/dependency-injection
psy/psysh suggests installing ext-pdo-sqlite (The doc command requires SQLite to work.)
paragonie/random_compat suggests installing ext-libsodium (Provides a modern crypto API that can be used to generate random bytes.)
monolog/monolog suggests installing doctrine/couchdb (Allow sending log messages to a CouchDB server)
monolog/monolog suggests installing ext-amqp (Allow sending log messages to an AMQP server (1.0+ required))
monolog/monolog suggests installing ext-mongo (Allow sending log messages to a MongoDB server)
monolog/monolog suggests installing graylog2/gelf-php (Allow sending log messages to a GrayLog2 server)
monolog/monolog suggests installing mongodb/mongodb (Allow sending log messages to a MongoDB server via PHP Driver)
monolog/monolog suggests installing php-amqplib/php-amqplib (Allow sending log messages to an AMQP server using php-amqplib)
monolog/monolog suggests installing php-console/php-console (Allow sending log messages to Google Chrome)
monolog/monolog suggests installing rollbar/rollbar (Allow sending log messages to Rollbar)
monolog/monolog suggests installing ruflin/elastica (Allow sending log messages to an Elastic Search server)
league/flysystem suggests installing league/flysystem-aws-s3-v2 (Allows you to use S3 storage with AWS SDK v2)
league/flysystem suggests installing league/flysystem-azure (Allows you to use Windows Azure Blob storage)
league/flysystem suggests installing league/flysystem-cached-adapter (Flysystem adapter decorator for metadata caching)
league/flysystem suggests installing league/flysystem-eventable-filesystem (Allows you to use EventableFilesystem)
league/flysystem suggests installing league/flysystem-rackspace (Allows you to use Rackspace Cloud Files)
league/flysystem suggests installing league/flysystem-sftp (Allows you to use SFTP server storage via phpseclib)
league/flysystem suggests installing league/flysystem-webdav (Allows you to use WebDAV storage)
league/flysystem suggests installing league/flysystem-ziparchive (Allows you to use ZipArchive adapter)
league/flysystem suggests installing spatie/flysystem-dropbox (Allows you to use Dropbox storage)
league/flysystem suggests installing srmklive/flysystem-dropbox-v2 (Allows you to use Dropbox storage for PHP 5 applications)
laravel/framework suggests installing iron-io/iron_mq (Required to use the iron queue driver (~2.0).)
laravel/framework suggests installing league/flysystem-rackspace (Required to use the Flysystem Rackspace driver (~1.0).)
laravel/framework suggests installing symfony/psr-http-message-bridge (Required to psr7 bridging features (0.2.*).)
aws/aws-sdk-php suggests installing aws/aws-php-sns-message-validator (To validate incoming SNS notifications)
aws/aws-sdk-php-laravel suggests installing laravel/lumen-framework (To test the Lumen bindings)
backup-manager/backup-manager suggests installing league/flysystem-aws-s3-v2 (GoogleCS adapter support.)
backup-manager/backup-manager suggests installing league/flysystem-rackspace (Rackspace adapter support.)
backup-manager/backup-manager suggests installing league/flysystem-sftp (Sftp adapter support.)
backup-manager/backup-manager suggests installing srmklive/flysystem-dropbox-v2 (Dropbox API v2 adapter support.)
symfony/class-loader suggests installing symfony/polyfill-apcu (For using ApcClassLoader on HHVM)
barryvdh/reflection-docblock suggests installing dflydev/markdown (~1.0)
barryvdh/reflection-docblock suggests installing erusev/parsedown (~1.0)
cartalyst/sentinel suggests installing ircmaxell/password-compat (Default hashing uses PHP 5.5 password_* functions, with forward-compatible support.)
league/fractal suggests installing pagerfanta/pagerfanta (Pagerfanta Paginator)
league/fractal suggests installing zendframework/zend-paginator (Zend Framework Paginator)
doctrine/cache suggests installing alcaeus/mongo-php-adapter (Required to use legacy MongoDB driver)
predis/predis suggests installing ext-phpiredis (Allows faster serialization and deserialization of the Redis protocol)
thomaswelton/gravatarlib suggests installing twig/twig (>=1.4.0)
phpspec/phpspec suggests installing phpspec/nyan-formatters (~1.0 – Adds Nyan formatters)
sebastian/global-state suggests installing ext-uopz (*)
phpunit/php-code-coverage suggests installing ext-xdebug (>=2.2.1)
phpunit/phpunit suggests installing phpunit/php-invoker (~1.1)
Package phpoffice/phpexcel is abandoned, you should avoid using it. Use phpoffice/phpspreadsheet instead.
Generating optimized autoload files
> php artisan clear-compiled
> php artisan optimize
Generating optimized class loader
Compiling common classes
Application key [XndXoLCYOuXlc9G1Qo6qT9yq7NRYHmw4] set successfully.
