Mon Apr 27 10:11:51 PST 2020
From ssh://git.coreproc.com:38085/mediaxes/mypocketdoctor-web
 * branch              master     -> FETCH_HEAD
   29a73b63..890864c0  master     -> origin/master
Updating 29a73b63..890864c0
Fast-forward
 .../Controllers/Api/V1/ConsultationsController.php | 49 +++++++------
 .../Doctors/ConsultationsController.php            | 24 ++++++
 app/Http/Requests/ConsultationCommentRequest.php   |  2 +-
 app/Http/Routes/api.php                            |  2 +
 app/Http/Routes/doctors.php                        |  1 -
 app/Models/ConsultationType.php                    |  1 +
 ...143339_update_enum_consultation_types_table.php | 29 ++++++++
 ...a_type_consultation_internal_comments_table.php | 27 +++++++
 ...pdate_data_type_consultation_comments_table.php | 27 +++++++
 ...7_update_data_type_consultation_types_table.php | 27 +++++++
 public/assets/js/comments.js                       | 45 +++++++-----
 resources/views/emails/lab-request.blade.php       | 28 ++++---
 resources/views/emails/prescription.blade.php      | 28 ++++---
 resources/views/emails/referral.blade.php          | 28 ++++---
 .../metronic/consultations/comments.blade.php      | 85 +++++++++++++++-------
 15 files changed, 297 insertions(+), 106 deletions(-)
 create mode 100644 database/migrations/2020_04_23_143339_update_enum_consultation_types_table.php
 create mode 100644 database/migrations/2020_04_23_144339_update_data_type_consultation_internal_comments_table.php
 create mode 100644 database/migrations/2020_04_23_144357_update_data_type_consultation_comments_table.php
 create mode 100644 database/migrations/2020_04_23_144457_update_data_type_consultation_types_table.php
Loading composer repositories with package information
Installing dependencies (including require-dev) from lock file
Nothing to install or update
Package mtdowling/cron-expression is abandoned, you should avoid using it. Use dragonmantank/cron-expression instead.
Package phpoffice/phpexcel is abandoned, you should avoid using it. Use phpoffice/phpspreadsheet instead.
Package phpunit/phpunit-mock-objects is abandoned, you should avoid using it. No replacement was suggested.
Generating optimized autoload files
Deprecation Notice: Class yajra\Datatables\Facades\Datatables located in ./vendor/yajra/laravel-datatables-oracle/src/yajra/Datatables/Facade/Datatables.php does not comply with psr-0 autoloading standard. It will not autoload anymore in Composer v2.0. in phar:///usr/local/bin/composer/src/Composer/Autoload/ClassMapGenerator.php:201
Deprecation Notice: Class PHPExcel_Logarithmic_Best_Fit located in ./vendor/phpoffice/phpexcel/Classes/PHPExcel/Shared/trend/logarithmicBestFitClass.php does not comply with psr-0 autoloading standard. It will not autoload anymore in Composer v2.0. in phar:///usr/local/bin/composer/src/Composer/Autoload/ClassMapGenerator.php:201
Deprecation Notice: Class PHPExcel_Power_Best_Fit located in ./vendor/phpoffice/phpexcel/Classes/PHPExcel/Shared/trend/powerBestFitClass.php does not comply with psr-0 autoloading standard. It will not autoload anymore in Composer v2.0. in phar:///usr/local/bin/composer/src/Composer/Autoload/ClassMapGenerator.php:201
Deprecation Notice: Class PHPExcel_Polynomial_Best_Fit located in ./vendor/phpoffice/phpexcel/Classes/PHPExcel/Shared/trend/polynomialBestFitClass.php does not comply with psr-0 autoloading standard. It will not autoload anymore in Composer v2.0. in phar:///usr/local/bin/composer/src/Composer/Autoload/ClassMapGenerator.php:201
Deprecation Notice: Class PHPExcel_Best_Fit located in ./vendor/phpoffice/phpexcel/Classes/PHPExcel/Shared/trend/bestFitClass.php does not comply with psr-0 autoloading standard. It will not autoload anymore in Composer v2.0. in phar:///usr/local/bin/composer/src/Composer/Autoload/ClassMapGenerator.php:201
Deprecation Notice: Class PHPExcel_Linear_Best_Fit located in ./vendor/phpoffice/phpexcel/Classes/PHPExcel/Shared/trend/linearBestFitClass.php does not comply with psr-0 autoloading standard. It will not autoload anymore in Composer v2.0. in phar:///usr/local/bin/composer/src/Composer/Autoload/ClassMapGenerator.php:201
Deprecation Notice: Class PHPExcel_Exponential_Best_Fit located in ./vendor/phpoffice/phpexcel/Classes/PHPExcel/Shared/trend/exponentialBestFitClass.php does not comply with psr-0 autoloading standard. It will not autoload anymore in Composer v2.0. in phar:///usr/local/bin/composer/src/Composer/Autoload/ClassMapGenerator.php:201
Deprecation Notice: Class Mediaxes\MyPocketDoctor\Http\Controllers\Api\v3\MedicalIssuesController located in ./app/Http/Controllers/Api/V3/MedicalIssuesController.php does not comply with psr-4 autoloading standard. It will not autoload anymore in Composer v2.0. in phar:///usr/local/bin/composer/src/Composer/Autoload/ClassMapGenerator.php:201
Deprecation Notice: Class Mediaxes\MyPocketDoctor\EventCouponLog located in ./app/Models/EventCouponLog.php does not comply with psr-4 autoloading standard. It will not autoload anymore in Composer v2.0. in phar:///usr/local/bin/composer/src/Composer/Autoload/ClassMapGenerator.php:201
Deprecation Notice: Class Mediaxes\MyPocketDoctor\EventCoupon located in ./app/Models/EventCoupon.php does not comply with psr-4 autoloading standard. It will not autoload anymore in Composer v2.0. in phar:///usr/local/bin/composer/src/Composer/Autoload/ClassMapGenerator.php:201
Deprecation Notice: Class Clickatell\ClickatellOtpTest located in ./vendor/arcturial/clickatell/test/Otp/ClickatellOtpTest.php does not comply with psr-4 autoloading standard. It will not autoload anymore in Composer v2.0. in phar:///usr/local/bin/composer/src/Composer/Autoload/ClassMapGenerator.php:201
Carbon 1 is deprecated, see how to migrate to Carbon 2.
https://carbon.nesbot.com/docs/#api-carbon-2
    You can run './vendor/bin/upgrade-carbon' to get help in updating carbon and other frameworks and libraries that depend on it.
1 package you are using is looking for funding.
Use the `composer fund` command to find out more!
ocramius/package-versions:  Generating version class...
ocramius/package-versions: ...done generating version class
> php artisan clear-compiled
> php artisan optimize
Generating optimized class loader
Compiling common classes
Migrated: 2020_04_23_143339_update_enum_consultation_types_table
Migrated: 2020_04_23_144339_update_data_type_consultation_internal_comments_table
Migrated: 2020_04_23_144357_update_data_type_consultation_comments_table
Migrated: 2020_04_23_144457_update_data_type_consultation_types_table
Compiled views cleared!
Broadcasting queue restart signal.
  % Total    % Received % Xferd  Average Speed   Time    Time     Time  Current
                                 Dload  Upload   Total   Spent    Left  Speed
  0     0    0     0    0     0      0      0 --:--:-- --:--:-- --:--:--     0100    25    0     0  100    25      0    121 --:--:-- --:--:-- --:--:--   121100   196    0   171  100    25    692    101 --:--:-- --:--:-- --:--:--   790
{"success":false,"errors":[{"code":1095,"message":"Sorry, you do not have access to purge cache for that zone id or that zone id is invalid"}],"messages":[],"result":null}