Thu Jul 18 15:04:09 PST 2019
From ssh://git.coreproc.com:38085/mediaxes/mypocketdoctor-web
 * branch              master     -> FETCH_HEAD
   13d3b4a2..eb6eb79b  master     -> origin/master
Updating 13d3b4a2..eb6eb79b
Fast-forward
 app/Http/Controllers/Admin/ConsultationsController.php            | 6 ++++++
 app/Http/Controllers/Admin/Datatables/ConsultationsDatatables.php | 5 +++++
 app/Models/Retailer.php                                           | 1 +
 3 files changed, 12 insertions(+)
Loading composer repositories with package information
Installing dependencies (including require-dev) from lock file
Nothing to install or update
Package phpoffice/phpexcel is abandoned, you should avoid using it. Use phpoffice/phpspreadsheet instead.
Generating optimized autoload files
Carbon 1 is deprecated, see how to migrate to Carbon 2.
https://carbon.nesbot.com/docs/#api-carbon-2
    You can run './vendor/bin/upgrade-carbon' to get help in updating carbon and other frameworks and libraries that depend on it.
> php artisan clear-compiled
> php artisan optimize
Generating optimized class loader
Compiling common classes
Nothing to migrate.
Compiled views cleared!
Broadcasting queue restart signal.
  % Total    % Received % Xferd  Average Speed   Time    Time     Time  Current
                                 Dload  Upload   Total   Spent    Left  Speed
  0     0    0     0    0     0      0      0 --:--:-- --:--:-- --:--:--     0100    25    0     0  100    25      0    121 --:--:-- --:--:-- --:--:--   120100   118    0    93  100    25    259     69 --:--:-- --:--:-- --:--:--   328
{"result":{"id":"94a0aeeca7d0ad4ab8f4a651fc8622a6"},"success":true,"errors":[],"messages":[]}