Tue Sep 1 11:09:37 PST 2020
From ssh://git.coreproc.com:38085/mediaxes/mypocketdoctor-web
 * branch              master     -> FETCH_HEAD
Already up to date.
Loading composer repositories with package information
Installing dependencies (including require-dev) from lock file
Nothing to install or update
Package jakub-onderka/php-console-color is abandoned, you should avoid using it. Use php-parallel-lint/php-console-color instead.
Package jakub-onderka/php-console-highlighter is abandoned, you should avoid using it. Use php-parallel-lint/php-console-highlighter instead.
Package jeremeamia/SuperClosure is abandoned, you should avoid using it. Use opis/closure instead.
Package mtdowling/cron-expression is abandoned, you should avoid using it. Use dragonmantank/cron-expression instead.
Package phpoffice/phpexcel is abandoned, you should avoid using it. Use phpoffice/phpspreadsheet instead.
Package phpunit/phpunit-mock-objects is abandoned, you should avoid using it. No replacement was suggested.
Generating optimized autoload files
Deprecation Notice: Class yajra\Datatables\Facades\Datatables located in ./vendor/yajra/laravel-datatables-oracle/src/yajra/Datatables/Facade/Datatables.php does not comply with psr-0 autoloading standard. It will not autoload anymore in Composer v2.0. in phar:///usr/local/bin/composer/src/Composer/Autoload/ClassMapGenerator.php:201
Deprecation Notice: Class PHPExcel_Logarithmic_Best_Fit located in ./vendor/phpoffice/phpexcel/Classes/PHPExcel/Shared/trend/logarithmicBestFitClass.php does not comply with psr-0 autoloading standard. It will not autoload anymore in Composer v2.0. in phar:///usr/local/bin/composer/src/Composer/Autoload/ClassMapGenerator.php:201
Deprecation Notice: Class PHPExcel_Power_Best_Fit located in ./vendor/phpoffice/phpexcel/Classes/PHPExcel/Shared/trend/powerBestFitClass.php does not comply with psr-0 autoloading standard. It will not autoload anymore in Composer v2.0. in phar:///usr/local/bin/composer/src/Composer/Autoload/ClassMapGenerator.php:201
Deprecation Notice: Class PHPExcel_Polynomial_Best_Fit located in ./vendor/phpoffice/phpexcel/Classes/PHPExcel/Shared/trend/polynomialBestFitClass.php does not comply with psr-0 autoloading standard. It will not autoload anymore in Composer v2.0. in phar:///usr/local/bin/composer/src/Composer/Autoload/ClassMapGenerator.php:201
Deprecation Notice: Class PHPExcel_Best_Fit located in ./vendor/phpoffice/phpexcel/Classes/PHPExcel/Shared/trend/bestFitClass.php does not comply with psr-0 autoloading standard. It will not autoload anymore in Composer v2.0. in phar:///usr/local/bin/composer/src/Composer/Autoload/ClassMapGenerator.php:201
Deprecation Notice: Class PHPExcel_Linear_Best_Fit located in ./vendor/phpoffice/phpexcel/Classes/PHPExcel/Shared/trend/linearBestFitClass.php does not comply with psr-0 autoloading standard. It will not autoload anymore in Composer v2.0. in phar:///usr/local/bin/composer/src/Composer/Autoload/ClassMapGenerator.php:201
Deprecation Notice: Class PHPExcel_Exponential_Best_Fit located in ./vendor/phpoffice/phpexcel/Classes/PHPExcel/Shared/trend/exponentialBestFitClass.php does not comply with psr-0 autoloading standard. It will not autoload anymore in Composer v2.0. in phar:///usr/local/bin/composer/src/Composer/Autoload/ClassMapGenerator.php:201
Deprecation Notice: Class Mediaxes\MyPocketDoctor\Http\Controllers\Api\v3\MedicalIssuesController located in ./app/Http/Controllers/Api/V3/MedicalIssuesController.php does not comply with psr-4 autoloading standard. It will not autoload anymore in Composer v2.0. in phar:///usr/local/bin/composer/src/Composer/Autoload/ClassMapGenerator.php:201
Deprecation Notice: Class Mediaxes\MyPocketDoctor\EventCouponLog located in ./app/Models/EventCouponLog.php does not comply with psr-4 autoloading standard. It will not autoload anymore in Composer v2.0. in phar:///usr/local/bin/composer/src/Composer/Autoload/ClassMapGenerator.php:201
Deprecation Notice: Class Mediaxes\MyPocketDoctor\EventCoupon located in ./app/Models/EventCoupon.php does not comply with psr-4 autoloading standard. It will not autoload anymore in Composer v2.0. in phar:///usr/local/bin/composer/src/Composer/Autoload/ClassMapGenerator.php:201
Deprecation Notice: Class Clickatell\ClickatellOtpTest located in ./vendor/arcturial/clickatell/test/Otp/ClickatellOtpTest.php does not comply with psr-4 autoloading standard. It will not autoload anymore in Composer v2.0. in phar:///usr/local/bin/composer/src/Composer/Autoload/ClassMapGenerator.php:201
Carbon 1 is deprecated, see how to migrate to Carbon 2.
https://carbon.nesbot.com/docs/#api-carbon-2
    You can run './vendor/bin/upgrade-carbon' to get help in updating carbon and other frameworks and libraries that depend on it.
composer/package-versions-deprecated: Generating version class...
composer/package-versions-deprecated: ...done generating version class
14 packages you are using are looking for funding.
Use the `composer fund` command to find out more!
> php artisan clear-compiled
> php artisan optimize
Generating optimized class loader
Compiling common classes
Nothing to migrate.
Compiled views cleared!
Broadcasting queue restart signal.
  % Total    % Received % Xferd  Average Speed   Time    Time     Time  Current
                                 Dload  Upload   Total   Spent    Left  Speed
  0     0    0     0    0     0      0      0 --:--:-- --:--:-- --:--:--     0100   102    0    77  100    25    330    107 --:--:-- --:--:-- --:--:--   437
{"success":false,"errors":[{"code":10000,"message":"Authentication error"}]}
