Wed Aug 7 11:08:25 PST 2019
From ssh://git.coreproc.com:38085/mediaxes/mypocketdoctor-web
 * branch              master     -> FETCH_HEAD
   0e82b68c..fd540dcf  master     -> origin/master
Updating 0e82b68c..fd540dcf
Fast-forward
 resources/views/metronic/consultations/details.blade.php  | 2 +-
 resources/views/video-call-room/video-call-room.blade.php | 6 +++---
 2 files changed, 4 insertions(+), 4 deletions(-)
Loading composer repositories with package information
Installing dependencies (including require-dev) from lock file
Nothing to install or update
Package phpoffice/phpexcel is abandoned, you should avoid using it. Use phpoffice/phpspreadsheet instead.
Generating optimized autoload files
Carbon 1 is deprecated, see how to migrate to Carbon 2.
https://carbon.nesbot.com/docs/#api-carbon-2
    You can run './vendor/bin/upgrade-carbon' to get help in updating carbon and other frameworks and libraries that depend on it.
> php artisan clear-compiled
> php artisan optimize
Generating optimized class loader
Compiling common classes
Nothing to migrate.
Compiled views cleared!
Broadcasting queue restart signal.
Configuration cache cleared!
Configuration cached successfully!
  % Total    % Received % Xferd  Average Speed   Time    Time     Time  Current
                                 Dload  Upload   Total   Spent    Left  Speed
  0     0    0     0    0     0      0      0 --:--:-- --:--:-- --:--:--     0100   118    0    93  100    25    299     80 --:--:-- --:--:-- --:--:--   380
{"result":{"id":"94a0aeeca7d0ad4ab8f4a651fc8622a6"},"success":true,"errors":[],"messages":[]}