Reading package lists...
Building dependency tree...
Reading state information...
Del php7.3-fpm 7.3.15-3+ubuntu18.04.1+deb.sury.org+1 [1,391 kB]
Del php7.3-common 7.3.15-3+ubuntu18.04.1+deb.sury.org+1 [948 kB]
Del php7.4-pgsql 7.4.3-4+ubuntu18.04.1+deb.sury.org+1 [55.9 kB]
Del php7.3-mysql 7.3.15-3+ubuntu18.04.1+deb.sury.org+1 [116 kB]
Del php7.3-pgsql 7.3.15-3+ubuntu18.04.1+deb.sury.org+1 [55.8 kB]
Del php7.4-gd 7.4.3-4+ubuntu18.04.1+deb.sury.org+1 [27.4 kB]
Del python3-apport 2.20.9-0ubuntu7.11 [81.8 kB]
Del python3-problem-report 2.20.9-0ubuntu7.11 [10.6 kB]
Del php7.3-gd 7.3.15-3+ubuntu18.04.1+deb.sury.org+1 [26.9 kB]
Del php7.3-curl 7.3.15-3+ubuntu18.04.1+deb.sury.org+1 [29.6 kB]
Del php7.1-mbstring 7.1.33-12+ubuntu18.04.1+deb.sury.org+1 [468 kB]
Del php7.4-sqlite3 7.4.3-4+ubuntu18.04.1+deb.sury.org+1 [26.4 kB]
Del php7.1-cli 7.1.33-12+ubuntu18.04.1+deb.sury.org+1 [1,344 kB]
Del php7.4-common 7.4.3-4+ubuntu18.04.1+deb.sury.org+1 [996 kB]
Del php7.3-intl 7.3.15-3+ubuntu18.04.1+deb.sury.org+1 [125 kB]
Del php7.1-mysql 7.1.33-12+ubuntu18.04.1+deb.sury.org+1 [120 kB]
Del php7.4-soap 7.4.3-4+ubuntu18.04.1+deb.sury.org+1 [113 kB]
Del php7.1-curl 7.1.33-12+ubuntu18.04.1+deb.sury.org+1 [28.7 kB]
Del php7.1-zip 7.1.33-12+ubuntu18.04.1+deb.sury.org+1 [20.2 kB]
Del php7.3-xml 7.3.15-3+ubuntu18.04.1+deb.sury.org+1 [105 kB]
Del php7.1-xml 7.1.33-12+ubuntu18.04.1+deb.sury.org+1 [115 kB]
Del php7.4-dev 7.4.3-4+ubuntu18.04.1+deb.sury.org+1 [538 kB]
Del php7.4-readline 7.4.3-4+ubuntu18.04.1+deb.sury.org+1 [12.2 kB]
Del php7.1-readline 7.1.33-12+ubuntu18.04.1+deb.sury.org+1 [12.5 kB]
Del php7.4-mbstring 7.4.3-4+ubuntu18.04.1+deb.sury.org+1 [396 kB]
Del php7.3-sqlite3 7.3.15-3+ubuntu18.04.1+deb.sury.org+1 [25.4 kB]
Del php7.3-dev 7.3.15-3+ubuntu18.04.1+deb.sury.org+1 [573 kB]
Del php7.4-opcache 7.4.3-4+ubuntu18.04.1+deb.sury.org+1 [195 kB]
Del php7.3-zip 7.3.15-3+ubuntu18.04.1+deb.sury.org+1 [20.5 kB]
Del php7.4-json 7.4.3-4+ubuntu18.04.1+deb.sury.org+1 [18.7 kB]
Del php7.3-bcmath 7.3.15-3+ubuntu18.04.1+deb.sury.org+1 [15.0 kB]
Del php7.1-json 7.1.33-12+ubuntu18.04.1+deb.sury.org+1 [17.5 kB]
Del php7.4-xml 7.4.3-4+ubuntu18.04.1+deb.sury.org+1 [95.5 kB]
Del php7.3-soap 7.3.15-3+ubuntu18.04.1+deb.sury.org+1 [112 kB]
Del php7.1-opcache 7.1.33-12+ubuntu18.04.1+deb.sury.org+1 [147 kB]
Del php7.1-bcmath 7.1.33-12+ubuntu18.04.1+deb.sury.org+1 [15.9 kB]
Del php7.1-common 7.1.33-12+ubuntu18.04.1+deb.sury.org+1 [912 kB]
Del php7.3-readline 7.3.15-3+ubuntu18.04.1+deb.sury.org+1 [12.0 kB]
Del php7.4-fpm 7.4.3-4+ubuntu18.04.1+deb.sury.org+1 [1,403 kB]
Del php7.4-imap 7.4.3-4+ubuntu18.04.1+deb.sury.org+1 [29.2 kB]
Del php7.1-fpm 7.1.33-12+ubuntu18.04.1+deb.sury.org+1 [1,350 kB]
Del php7.4-bcmath 7.4.3-4+ubuntu18.04.1+deb.sury.org+1 [15.0 kB]
Del php7.3-json 7.3.15-3+ubuntu18.04.1+deb.sury.org+1 [18.4 kB]
Del php7.4-mysql 7.4.3-4+ubuntu18.04.1+deb.sury.org+1 [118 kB]
Del php7.4-zip 7.4.3-4+ubuntu18.04.1+deb.sury.org+1 [21.0 kB]
Del php7.4-curl 7.4.3-4+ubuntu18.04.1+deb.sury.org+1 [30.0 kB]
Del apport 2.20.9-0ubuntu7.11 [124 kB]
Del php7.4-cli 7.4.3-4+ubuntu18.04.1+deb.sury.org+1 [1,392 kB]
Del php7.4-intl 7.4.3-4+ubuntu18.04.1+deb.sury.org+1 [125 kB]
Del php7.3-opcache 7.3.15-3+ubuntu18.04.1+deb.sury.org+1 [182 kB]
Del php7.3-cli 7.3.15-3+ubuntu18.04.1+deb.sury.org+1 [1,378 kB]
Del php7.3-imap 7.3.15-3+ubuntu18.04.1+deb.sury.org+1 [29.2 kB]
Del php7.3-mbstring 7.3.15-3+ubuntu18.04.1+deb.sury.org+1 [517 kB]
